<?xml version="1.0" encoding="UTF-8"?>
<testng-results ignored="0" total="7" passed="7" failed="0" skipped="0">
  <reporter-output>
  </reporter-output>
  <suite started-at="2024-05-30T12:46:55 IST" name="MavenSuite" finished-at="2024-05-30T12:48:40 IST" duration-ms="105490">
    <groups>
    </groups>
    <test started-at="2024-05-30T12:46:55 IST" name="MavenTest" finished-at="2024-05-30T12:48:40 IST" duration-ms="105490">
      <class name="ultimateQA.SkillsWebsite">
        <test-method signature="AppLaunch()[pri:0, instance:ultimateQA.SkillsWebsite@17f9d882]" started-at="2024-05-30T12:46:55 IST" name="AppLaunch" finished-at="2024-05-30T12:47:23 IST" duration-ms="27681" status="PASS">
          <reporter-output>
          </reporter-output>
        </test-method> <!-- AppLaunch -->
        <test-method signature="ServicesClick()[pri:1, instance:ultimateQA.SkillsWebsite@17f9d882]" started-at="2024-05-30T12:47:23 IST" name="ServicesClick" finished-at="2024-05-30T12:47:35 IST" duration-ms="12722" status="PASS">
          <reporter-output>
          </reporter-output>
        </test-method> <!-- ServicesClick -->
        <test-method signature="AboutPageClick()[pri:2, instance:ultimateQA.SkillsWebsite@17f9d882]" started-at="2024-05-30T12:47:35 IST" name="AboutPageClick" finished-at="2024-05-30T12:47:46 IST" duration-ms="10797" status="PASS">
          <reporter-output>
          </reporter-output>
        </test-method> <!-- AboutPageClick -->
        <test-method signature="BlogPageClick()[pri:3, instance:ultimateQA.SkillsWebsite@17f9d882]" started-at="2024-05-30T12:47:46 IST" name="BlogPageClick" finished-at="2024-05-30T12:47:58 IST" duration-ms="11976" status="PASS">
          <reporter-output>
          </reporter-output>
        </test-method> <!-- BlogPageClick -->
        <test-method signature="EducationPagedropdown()[pri:4, instance:ultimateQA.SkillsWebsite@17f9d882]" started-at="2024-05-30T12:47:58 IST" name="EducationPagedropdown" finished-at="2024-05-30T12:48:09 IST" duration-ms="11246" status="PASS">
          <reporter-output>
          </reporter-output>
        </test-method> <!-- EducationPagedropdown -->
        <test-method signature="DetailsPage()[pri:5, instance:ultimateQA.SkillsWebsite@17f9d882]" started-at="2024-05-30T12:48:09 IST" name="DetailsPage" finished-at="2024-05-30T12:48:30 IST" duration-ms="20668" status="PASS">
          <reporter-output>
          </reporter-output>
        </test-method> <!-- DetailsPage -->
        <test-method signature="SubmitButton()[pri:6, instance:ultimateQA.SkillsWebsite@17f9d882]" started-at="2024-05-30T12:48:30 IST" name="SubmitButton" finished-at="2024-05-30T12:48:40 IST" duration-ms="10295" status="PASS">
          <reporter-output>
          </reporter-output>
        </test-method> <!-- SubmitButton -->
      </class> <!-- ultimateQA.SkillsWebsite -->
    </test> <!-- MavenTest -->
  </suite> <!-- MavenSuite -->
</testng-results>
