<?xml version="1.0" encoding="UTF-8"?>
<testsuite xmlns:xsi="http://www.w3.org/2001/XMLSchema-instance" xsi:noNamespaceSchemaLocation="https://maven.apache.org/surefire/maven-surefire-plugin/xsd/surefire-test-report-3.0.xsd" version="3.0" name="TestSuite" time="106.494" tests="7" errors="0" skipped="0" failures="0">
  <properties>
[...]
</properties>
  <testcase name="AppLaunch" classname="ultimateQA.SkillsWebsite" time="27.681">
    <system-out><![CDATA[12:46:54.918 [main] DEBUG org.testng.TestNG - suiteXmlPath: "C:\Users\HP 840 G3\eclipse-workspace\MavenSetup\UltimateQA.xml"
]]></system-out>
  </testcase>
  <testcase name="ServicesClick" classname="ultimateQA.SkillsWebsite" time="12.722"/>
  <testcase name="AboutPageClick" classname="ultimateQA.SkillsWebsite" time="10.79"/>
  <testcase name="BlogPageClick" classname="ultimateQA.SkillsWebsite" time="11.972"/>
  <testcase name="EducationPagedropdown" classname="ultimateQA.SkillsWebsite" time="11.239"/>
  <testcase name="DetailsPage" classname="ultimateQA.SkillsWebsite" time="20.669"/>
  <testcase name="SubmitButton" classname="ultimateQA.SkillsWebsite" time="10.294">
    <system-out><![CDATA[Success Message: Thanks for contacting us
]]></system-out>
  </testcase>
</testsuite>