<?xml version="1.0" encoding="UTF-8"?>
<!-- Generated by org.testng.reporters.JUnitXMLReporter -->
<testsuite ignored="0" hostname="DESKTOP-I5RB4A6" failures="0" tests="7" name="MavenTest" time="105.49" errors="0" timestamp="2024-05-30T12:48:40 IST">
  <testcase classname="ultimateQA.SkillsWebsite" name="AppLaunch" time="27.681"/>
  <testcase classname="ultimateQA.SkillsWebsite" name="ServicesClick" time="12.722"/>
  <testcase classname="ultimateQA.SkillsWebsite" name="AboutPageClick" time="10.797"/>
  <testcase classname="ultimateQA.SkillsWebsite" name="BlogPageClick" time="11.976"/>
  <testcase classname="ultimateQA.SkillsWebsite" name="EducationPagedropdown" time="11.246"/>
  <testcase classname="ultimateQA.SkillsWebsite" name="DetailsPage" time="20.668"/>
  <testcase classname="ultimateQA.SkillsWebsite" name="SubmitButton" time="10.295"/>
</testsuite> <!-- MavenTest -->
